=== RUN acr_test_cuda (CUDA build) ===
Running main() from F:\Astro dev\Astro CS Normalization Database\run\acr_build_cuda\_deps\googletest-src\googletest\src\gtest_main.cc
[==========] Running 23 tests from 7 test suites.
[----------] Global test environment set-up.
[----------] 5 tests from CudaBackend
[ RUN      ] CudaBackend.DeviceEnumeration
[       OK ] CudaBackend.DeviceEnumeration (81 ms)
[ RUN      ] CudaBackend.InitializeIdempotent
[       OK ] CudaBackend.InitializeIdempotent (0 ms)
[ RUN      ] CudaBackend.StreamValidWhenAvailable
[       OK ] CudaBackend.StreamValidWhenAvailable (0 ms)
[ RUN      ] CudaBackend.DegradePathNoCrash
[       OK ] CudaBackend.DegradePathNoCrash (0 ms)
[ RUN      ] CudaBackend.GpuReportCallbackRegistered
[       OK ] CudaBackend.GpuReportCallbackRegistered (0 ms)
[----------] 5 tests from CudaBackend (82 ms total)

[----------] 4 tests from CudaAxpy
[ RUN      ] CudaAxpy.MatchesCpu
[       OK ] CudaAxpy.MatchesCpu (0 ms)
[ RUN      ] CudaAxpy.EmptyRangeNoCrash
[       OK ] CudaAxpy.EmptyRangeNoCrash (0 ms)
[ RUN      ] CudaAxpy.NullPointerRejected
[       OK ] CudaAxpy.NullPointerRejected (0 ms)
[ RUN      ] CudaAxpy.NonAlignedSize
[       OK ] CudaAxpy.NonAlignedSize (0 ms)
[----------] 4 tests from CudaAxpy (1 ms total)

[----------] 3 tests from CudaBuffer
[ RUN      ] CudaBuffer.RoundTripInt
[       OK ] CudaBuffer.RoundTripInt (0 ms)
[ RUN      ] CudaBuffer.MoveSemantics
[       OK ] CudaBuffer.MoveSemantics (0 ms)
[ RUN      ] CudaBuffer.OutOfBoundsRejected
[       OK ] CudaBuffer.OutOfBoundsRejected (0 ms)
[----------] 3 tests from CudaBuffer (1 ms total)

[----------] 1 test from CudaEvent
[ RUN      ] CudaEvent.TimingNonNegative
[       OK ] CudaEvent.TimingNonNegative (3 ms)
[----------] 1 test from CudaEvent (3 ms total)

[----------] 6 tests from CudaExecutor
[ RUN      ] CudaExecutor.AvailableAfterInit
[       OK ] CudaExecutor.AvailableAfterInit (0 ms)
[ RUN      ] CudaExecutor.SubmitRealGpuKernel
[       OK ] CudaExecutor.SubmitRealGpuKernel (0 ms)
[ RUN      ] CudaExecutor.SubmitInvalidTokenRejected
[       OK ] CudaExecutor.SubmitInvalidTokenRejected (0 ms)
[ RUN      ] CudaExecutor.QueueStateBusyDuringSubmit
[       OK ] CudaExecutor.QueueStateBusyDuringSubmit (0 ms)
[ RUN      ] CudaExecutor.NameReturnsDeviceName
[       OK ] CudaExecutor.NameReturnsDeviceName (0 ms)
[ RUN      ] CudaExecutor.MultipleSubmitsNoInterference
[       OK ] CudaExecutor.MultipleSubmitsNoInterference (0 ms)
[----------] 6 tests from CudaExecutor (3 ms total)

[----------] 2 tests from ExecutorRegistryAuto
[ RUN      ] ExecutorRegistryAuto.CreateAutoRegistersCpuAndCuda
[       OK ] ExecutorRegistryAuto.CreateAutoRegistersCpuAndCuda (0 ms)
[ RUN      ] ExecutorRegistryAuto.FindCudaExecutorByDeviceId
[       OK ] ExecutorRegistryAuto.FindCudaExecutorByDeviceId (0 ms)
[----------] 2 tests from ExecutorRegistryAuto (1 ms total)

[----------] 2 tests from MixedCpuGpuExecution
[ RUN      ] MixedCpuGpuExecution.RealGpuCompletesSomeBlocks
[       OK ] MixedCpuGpuExecution.RealGpuCompletesSomeBlocks (2 ms)
[ RUN      ] MixedCpuGpuExecution.BlocksExecutedExactlyOnce
[       OK ] MixedCpuGpuExecution.BlocksExecutedExactlyOnce (22 ms)
[----------] 2 tests from MixedCpuGpuExecution (24 ms total)

[----------] Global test environment tear-down
[==========] 23 tests from 7 test suites ran. (118 ms total)
[  PASSED  ] 23 tests.
EXIT: 0
=== RUN acr_test_scheduler (CUDA build) ===
[==========] Running 73 tests from 11 test suites.
[----------] Global test environment set-up.
[----------] 5 tests from SchedulerCoverage
[ RUN      ] SchedulerCoverage.InitialAllPending
[       OK ] SchedulerCoverage.InitialAllPending (0 ms)
[ RUN      ] SchedulerCoverage.MarkDoneIncrementsCount
[       OK ] SchedulerCoverage.MarkDoneIncrementsCount (0 ms)
[ RUN      ] SchedulerCoverage.AllDoneAfterAllMarked
[       OK ] SchedulerCoverage.AllDoneAfterAllMarked (0 ms)
[ RUN      ] SchedulerCoverage.PendingIndicesCorrect
[       OK ] SchedulerCoverage.PendingIndicesCorrect (0 ms)
[ RUN      ] SchedulerCoverage.OutOfRangeSafe
[       OK ] SchedulerCoverage.OutOfRangeSafe (0 ms)
[----------] 5 tests from SchedulerCoverage (0 ms total)

[----------] 8 tests from SchedulerPartition
[ RUN      ] SchedulerPartition.RangeNoOverlapComplete
[       OK ] SchedulerPartition.RangeNoOverlapComplete (0 ms)
[ RUN      ] SchedulerPartition.RangeLastChunkClamped
[       OK ] SchedulerPartition.RangeLastChunkClamped (0 ms)
[ RUN      ] SchedulerPartition.RangeIntoEvenSplit
[       OK ] SchedulerPartition.RangeIntoEvenSplit (0 ms)
[ RUN      ] SchedulerPartition.RangeIntoUnevenSplit
[       OK ] SchedulerPartition.RangeIntoUnevenSplit (0 ms)
[ RUN      ] SchedulerPartition.TilesCoverAll
[       OK ] SchedulerPartition.TilesCoverAll (0 ms)
[ RUN      ] SchedulerPartition.TilesIntoMaxChunks
[       OK ] SchedulerPartition.TilesIntoMaxChunks (0 ms)
[ RUN      ] SchedulerPartition.RangeEmpty
[       OK ] SchedulerPartition.RangeEmpty (0 ms)
[ RUN      ] SchedulerPartition.RangeZeroChunkSize
[       OK ] SchedulerPartition.RangeZeroChunkSize (0 ms)
[----------] 8 tests from SchedulerPartition (0 ms total)

[----------] 5 tests from SchedulerQueueAware
[ RUN      ] SchedulerQueueAware.EstimateFinishCpuNoTransfer
[       OK ] SchedulerQueueAware.EstimateFinishCpuNoTransfer (0 ms)
[ RUN      ] SchedulerQueueAware.EstimateFinishGpuWithTransfer
[       OK ] SchedulerQueueAware.EstimateFinishGpuWithTransfer (0 ms)
[ RUN      ] SchedulerQueueAware.PickBestDeviceSelectsLowerFinish
[       OK ] SchedulerQueueAware.PickBestDeviceSelectsLowerFinish (0 ms)
[ RUN      ] SchedulerQueueAware.PickBestDeviceSkipsUnavailable
[       OK ] SchedulerQueueAware.PickBestDeviceSkipsUnavailable (0 ms)
[ RUN      ] SchedulerQueueAware.ShouldPreferCpuForSmallData
[       OK ] SchedulerQueueAware.ShouldPreferCpuForSmallData (0 ms)
[----------] 5 tests from SchedulerQueueAware (0 ms total)

[----------] 3 tests from SchedulerMerger
[ RUN      ] SchedulerMerger.InitAndFinalize
[       OK ] SchedulerMerger.InitAndFinalize (0 ms)
[ RUN      ] SchedulerMerger.FinalizeWithNoLocalsReturnsIdentity
[       OK ] SchedulerMerger.FinalizeWithNoLocalsReturnsIdentity (0 ms)
[ RUN      ] SchedulerMerger.MultipleFinalizeStable
[       OK ] SchedulerMerger.MultipleFinalizeStable (0 ms)
[----------] 3 tests from SchedulerMerger (0 ms total)

[----------] 4 tests from SchedulerFallback
[ RUN      ] SchedulerFallback.ToCpuStrategy
[       OK ] SchedulerFallback.ToCpuStrategy (0 ms)
[ RUN      ] SchedulerFallback.ToNextDeviceStrategy
[       OK ] SchedulerFallback.ToNextDeviceStrategy (0 ms)
[ RUN      ] SchedulerFallback.NoneStrategyNoTarget
[       OK ] SchedulerFallback.NoneStrategyNoTarget (0 ms)
[ RUN      ] SchedulerFallback.ToNextDeviceFallbackToCpuWhenNoOtherGpu
[       OK ] SchedulerFallback.ToNextDeviceFallbackToCpuWhenNoOtherGpu (0 ms)
[----------] 4 tests from SchedulerFallback (0 ms total)

[----------] 3 tests from SchedulerMixedRunner
[ RUN      ] SchedulerMixedRunner.CoverageCompleteNoRepeat
[       OK ] SchedulerMixedRunner.CoverageCompleteNoRepeat (0 ms)
[ RUN      ] SchedulerMixedRunner.EmptyRangeReturnsSuccess
[       OK ] SchedulerMixedRunner.EmptyRangeReturnsSuccess (0 ms)
[ RUN      ] SchedulerMixedRunner.ExceptionInChunkCountsAsFailed
[       OK ] SchedulerMixedRunner.ExceptionInChunkCountsAsFailed (0 ms)
[----------] 3 tests from SchedulerMixedRunner (0 ms total)

[----------] 3 tests from SchedulerDispatcher
[ RUN      ] SchedulerDispatcher.DispatchRangeExecutesAll
[       OK ] SchedulerDispatcher.DispatchRangeExecutesAll (0 ms)
[ RUN      ] SchedulerDispatcher.PickBackendSmallDataPrefersCpu
[       OK ] SchedulerDispatcher.PickBackendSmallDataPrefersCpu (0 ms)
[ RUN      ] SchedulerDispatcher.HandleFailureReturnsFallbackDecision
[       OK ] SchedulerDispatcher.HandleFailureReturnsFallbackDecision (0 ms)
[----------] 3 tests from SchedulerDispatcher (0 ms total)

[----------] 22 tests from SchedulerDispatcherCostAware
[ RUN      ] SchedulerDispatcherCostAware.CpuOnlyExecutesAll
[       OK ] SchedulerDispatcherCostAware.CpuOnlyExecutesAll (0 ms)
[ RUN      ] SchedulerDispatcherCostAware.FixedTailChunkingSplitsRange
[acr.utilization] NVML loaded: 1 GPU device(s).
[       OK ] SchedulerDispatcherCostAware.FixedTailChunkingSplitsRange (31 ms)
[ RUN      ] SchedulerDispatcherCostAware.FixedTailChunkingDisabledNoSplit
[       OK ] SchedulerDispatcherCostAware.FixedTailChunkingDisabledNoSplit (0 ms)
[ RUN      ] SchedulerDispatcherCostAware.MemoryActionPopulated
[acr.utilization] NVML loaded: 1 GPU device(s).
[       OK ] SchedulerDispatcherCostAware.MemoryActionPopulated (11 ms)
[ RUN      ] SchedulerDispatcherCostAware.CurrentStateJsonPopulated
[       OK ] SchedulerDispatcherCostAware.CurrentStateJsonPopulated (0 ms)
[ RUN      ] SchedulerDispatcherCostAware.PredictedVsActualBackend
[       OK ] SchedulerDispatcherCostAware.PredictedVsActualBackend (0 ms)
[ RUN      ] SchedulerDispatcherCostAware.CoverageFromRealExecution
[       OK ] SchedulerDispatcherCostAware.CoverageFromRealExecution (0 ms)
[ RUN      ] SchedulerDispatcherCostAware.CoverageReflectsFailures
[       OK ] SchedulerDispatcherCostAware.CoverageReflectsFailures (0 ms)
[ RUN      ] SchedulerDispatcherCostAware.ActualBackendNoneWhenAllFail
[       OK ] SchedulerDispatcherCostAware.ActualBackendNoneWhenAllFail (0 ms)
[ RUN      ] SchedulerDispatcherCostAware.SharedPoolExecutionCompletesAll
[       OK ] SchedulerDispatcherCostAware.SharedPoolExecutionCompletesAll (0 ms)
[ RUN      ] SchedulerDispatcherCostAware.SharedPoolFailedBlocksNotDone
[       OK ] SchedulerDispatcherCostAware.SharedPoolFailedBlocksNotDone (0 ms)
[ RUN      ] SchedulerDispatcherCostAware.DynamicModeCompletesAll
[       OK ] SchedulerDispatcherCostAware.DynamicModeCompletesAll (0 ms)
[ RUN      ] SchedulerDispatcherCostAware.DynamicModeRecordsChunkSizes
[       OK ] SchedulerDispatcherCostAware.DynamicModeRecordsChunkSizes (0 ms)
[ RUN      ] SchedulerDispatcherCostAware.DynamicModeTailConvergence
[       OK ] SchedulerDispatcherCostAware.DynamicModeTailConvergence (0 ms)
[ RUN      ] SchedulerDispatcherCostAware.DynamicModeNoOverlapNoOmission
[       OK ] SchedulerDispatcherCostAware.DynamicModeNoOverlapNoOmission (0 ms)
[ RUN      ] SchedulerDispatcherCostAware.ResourceControlRecordsCpuSamples
[acr.utilization] NVML loaded: 1 GPU device(s).
[       OK ] SchedulerDispatcherCostAware.ResourceControlRecordsCpuSamples (14 ms)
[ RUN      ] SchedulerDispatcherCostAware.ResourceControlRecordsMemActions
[acr.utilization] NVML loaded: 1 GPU device(s).
[       OK ] SchedulerDispatcherCostAware.ResourceControlRecordsMemActions (15 ms)
[ RUN      ] SchedulerDispatcherCostAware.ResourceControlSubmitGateNotTriggeredNormalLoad
[acr.utilization] NVML loaded: 1 GPU device(s).
[       OK ] SchedulerDispatcherCostAware.ResourceControlSubmitGateNotTriggeredNormalLoad (14 ms)
[ RUN      ] SchedulerDispatcherCostAware.FixedTailExperimentStillAvailable
[acr.utilization] NVML loaded: 1 GPU device(s).
[       OK ] SchedulerDispatcherCostAware.FixedTailExperimentStillAvailable (14 ms)
[ RUN      ] SchedulerDispatcherCostAware.RecoverableGateStatsInitialized
[       OK ] SchedulerDispatcherCostAware.RecoverableGateStatsInitialized (0 ms)
[ RUN      ] SchedulerDispatcherCostAware.GateNotTriggeredAtFullTarget
[acr.utilization] NVML loaded: 1 GPU device(s).
[       OK ] SchedulerDispatcherCostAware.GateNotTriggeredAtFullTarget (16 ms)
[ RUN      ] SchedulerDispatcherCostAware.DynamicChunkSizesRecordedWithMaxChunkAdjust
[       OK ] SchedulerDispatcherCostAware.DynamicChunkSizesRecordedWithMaxChunkAdjust (0 ms)
[----------] 22 tests from SchedulerDispatcherCostAware (122 ms total)

[----------] 9 tests from SharedWorkPool
[ RUN      ] SharedWorkPool.InitCreatesCorrectBlocks
[       OK ] SharedWorkPool.InitCreatesCorrectBlocks (0 ms)
[ RUN      ] SharedWorkPool.ClaimNextReturnsUniqueBlocks
[       OK ] SharedWorkPool.ClaimNextReturnsUniqueBlocks (0 ms)
[ RUN      ] SharedWorkPool.MarkDoneUpdatesStatus
[       OK ] SharedWorkPool.MarkDoneUpdatesStatus (0 ms)
[ RUN      ] SharedWorkPool.MarkFailedAndReclaim
[       OK ] SharedWorkPool.MarkFailedAndReclaim (0 ms)
[ RUN      ] SharedWorkPool.AllDoneWhenAllComplete
[       OK ] SharedWorkPool.AllDoneWhenAllComplete (0 ms)
[ RUN      ] SharedWorkPool.NoWorkLeftWhenNoPendingOrFailed
[       OK ] SharedWorkPool.NoWorkLeftWhenNoPendingOrFailed (0 ms)
[ RUN      ] SharedWorkPool.DoneBitmapCorrect
[       OK ] SharedWorkPool.DoneBitmapCorrect (0 ms)
[ RUN      ] SharedWorkPool.SuggestNextChunk
[       OK ] SharedWorkPool.SuggestNextChunk (0 ms)
[ RUN      ] SharedWorkPool.EmptyRange
[       OK ] SharedWorkPool.EmptyRange (0 ms)
[----------] 9 tests from SharedWorkPool (0 ms total)

[----------] 8 tests from SharedWorkPoolDynamic
[ RUN      ] SharedWorkPoolDynamic.InitDynamicDoesNotPreCreateBlocks
[       OK ] SharedWorkPoolDynamic.InitDynamicDoesNotPreCreateBlocks (0 ms)
[ RUN      ] SharedWorkPoolDynamic.ClaimNextDynamicReturnsBlocks
[       OK ] SharedWorkPoolDynamic.ClaimNextDynamicReturnsBlocks (0 ms)
[ RUN      ] SharedWorkPoolDynamic.ClaimNextDynamicShrinksTail
[       OK ] SharedWorkPoolDynamic.ClaimNextDynamicShrinksTail (0 ms)
[ RUN      ] SharedWorkPoolDynamic.ClaimNextDynamicNoOverlapNoOmission
[       OK ] SharedWorkPoolDynamic.ClaimNextDynamicNoOverlapNoOmission (0 ms)
[ RUN      ] SharedWorkPoolDynamic.ClaimNextDynamicMultiDevice
[       OK ] SharedWorkPoolDynamic.ClaimNextDynamicMultiDevice (0 ms)
[ RUN      ] SharedWorkPoolDynamic.EmptyRangeReturnsSuccess
[       OK ] SharedWorkPoolDynamic.EmptyRangeReturnsSuccess (0 ms)
[ RUN      ] SharedWorkPoolDynamic.SetDynamicMaxChunkAffectsSubsequentClaims
[       OK ] SharedWorkPoolDynamic.SetDynamicMaxChunkAffectsSubsequentClaims (0 ms)
[ RUN      ] SharedWorkPoolDynamic.SetDynamicMaxChunkOnlyInDynamicMode
[       OK ] SharedWorkPoolDynamic.SetDynamicMaxChunkOnlyInDynamicMode (0 ms)
[----------] 8 tests from SharedWorkPoolDynamic (0 ms total)

[----------] 3 tests from SharedWorkPoolConcurrency
[ RUN      ] SharedWorkPoolConcurrency.ThreadInterleavingNoIdMismatch
[       OK ] SharedWorkPoolConcurrency.ThreadInterleavingNoIdMismatch (0 ms)
[ RUN      ] SharedWorkPoolConcurrency.Stress100RoundsFixedMode
[       OK ] SharedWorkPoolConcurrency.Stress100RoundsFixedMode (30 ms)
[ RUN      ] SharedWorkPoolConcurrency.Stress100RoundsDynamicMode
[       OK ] SharedWorkPoolConcurrency.Stress100RoundsDynamicMode (32 ms)
[----------] 3 tests from SharedWorkPoolConcurrency (63 ms total)

[----------] Global test environment tear-down
[==========] 73 tests from 11 test suites ran. (187 ms total)
[  PASSED  ] 73 tests.
EXIT: 0
=== RUN acr_test_api (ASan build) ===
[==========] Running 23 tests from 10 test suites.
[----------] Global test environment set-up.
[----------] 4 tests from ApiParallelFor
[ RUN      ] ApiParallelFor.EmptyRangeDoesNotCallKernel
[       OK ] ApiParallelFor.EmptyRangeDoesNotCallKernel (0 ms)
[ RUN      ] ApiParallelFor.SingleElementCallsKernelOnce
[       OK ] ApiParallelFor.SingleElementCallsKernelOnce (2 ms)
[ RUN      ] ApiParallelFor.TinyRangesCorrect
[       OK ] ApiParallelFor.TinyRangesCorrect (0 ms)
[ RUN      ] ApiParallelFor.LargeRangeCorrect
[       OK ] ApiParallelFor.LargeRangeCorrect (11 ms)
[----------] 4 tests from ApiParallelFor (15 ms total)

[----------] 2 tests from ApiTiles
[ RUN      ] ApiTiles.NonIntegralTileCoverageNoOverflow
[       OK ] ApiTiles.NonIntegralTileCoverageNoOverflow (0 ms)
[ RUN      ] ApiTiles.IntegralTileCoverage
[       OK ] ApiTiles.IntegralTileCoverage (0 ms)
[----------] 2 tests from ApiTiles (0 ms total)

[----------] 1 test from ApiFor2d
[ RUN      ] ApiFor2d.CoverAllPixels
[       OK ] ApiFor2d.CoverAllPixels (0 ms)
[----------] 1 test from ApiFor2d (0 ms total)

[----------] 3 tests from ApiReduce
[ RUN      ] ApiReduce.SumZeroToHundred
[       OK ] ApiReduce.SumZeroToHundred (0 ms)
[ RUN      ] ApiReduce.IdentityOnEmptyRange
[       OK ] ApiReduce.IdentityOnEmptyRange (0 ms)
[ RUN      ] ApiReduce.NoAliasDeclaration
F:\Astro dev\Astro CS Normalization Database\run\worktrees\acr\lib\acr\tests\unit\test_api.cpp(182): Skipped
Phase B: 别名检测为声明性契约，暂不强制（待 Phase H 强化）

[  SKIPPED ] ApiReduce.NoAliasDeclaration (1 ms)
[----------] 3 tests from ApiReduce (2 ms total)

[----------] 1 test from ApiBatch
[ RUN      ] ApiBatch.CountAllItems
[       OK ] ApiBatch.CountAllItems (0 ms)
[----------] 1 test from ApiBatch (0 ms total)

[----------] 1 test from ApiChunks
[ RUN      ] ApiChunks.CoverAllRanges
[       OK ] ApiChunks.CoverAllRanges (0 ms)
[----------] 1 test from ApiChunks (0 ms total)

[----------] 1 test from ApiRunFor
[ RUN      ] ApiRunFor.SerialCorrectness
[       OK ] ApiRunFor.SerialCorrectness (0 ms)
[----------] 1 test from ApiRunFor (0 ms total)

[----------] 5 tests from ApiEvent
[ RUN      ] ApiEvent.ImmediatelyReadyAfterParallelFor
[       OK ] ApiEvent.ImmediatelyReadyAfterParallelFor (0 ms)
[ RUN      ] ApiEvent.WaitDoesNotBlockWhenDone
[       OK ] ApiEvent.WaitDoesNotBlockWhenDone (0 ms)
[ RUN      ] ApiEvent.CancelSetsCancelledFlag
[       OK ] ApiEvent.CancelSetsCancelledFlag (0 ms)
[ RUN      ] ApiEvent.StatusOkAfterSuccess
[       OK ] ApiEvent.StatusOkAfterSuccess (0 ms)
[ RUN      ] ApiEvent.ExceptionKernelReturnsFailedStatus
[       OK ] ApiEvent.ExceptionKernelReturnsFailedStatus (0 ms)
[----------] 5 tests from ApiEvent (2 ms total)

[----------] 2 tests from ApiBufferView
[ RUN      ] ApiBufferView.ShapeStrideSubview
[       OK ] ApiBufferView.ShapeStrideSubview (0 ms)
[ RUN      ] ApiBufferView.SubviewOutOfBoundsThrows
[       OK ] ApiBufferView.SubviewOutOfBoundsThrows (0 ms)
[----------] 2 tests from ApiBufferView (0 ms total)

[----------] 3 tests from ApiBuffer
[ RUN      ] ApiBuffer.ReadOnlyWriteAccess
[       OK ] ApiBuffer.ReadOnlyWriteAccess (0 ms)
[ RUN      ] ApiBuffer.ResizeGrowAndShrink
[       OK ] ApiBuffer.ResizeGrowAndShrink (0 ms)
[ RUN      ] ApiBuffer.HostLifetimeUniquePtr
[       OK ] ApiBuffer.HostLifetimeUniquePtr (0 ms)
[----------] 3 tests from ApiBuffer (0 ms total)

[----------] Global test environment tear-down
[==========] 23 tests from 10 test suites ran. (25 ms total)
[  PASSED  ] 22 tests.
[  SKIPPED ] 1 test, listed below:
[  SKIPPED ] ApiReduce.NoAliasDeclaration
EXIT: 0
=== RUN acr_test_buffer (ASan build) ===
[==========] Running 11 tests from 2 test suites.
[----------] Global test environment set-up.
[----------] 7 tests from BufferTest
[ RUN      ] BufferTest.DefaultConstructEmpty
[       OK ] BufferTest.DefaultConstructEmpty (0 ms)
[ RUN      ] BufferTest.AllocateWithCount
[       OK ] BufferTest.AllocateWithCount (0 ms)
[ RUN      ] BufferTest.AllocateWithInit
[       OK ] BufferTest.AllocateWithInit (0 ms)
[ RUN      ] BufferTest.IndexReadWrite
[       OK ] BufferTest.IndexReadWrite (0 ms)
[ RUN      ] BufferTest.ResizeGrowAndShrink
[       OK ] BufferTest.ResizeGrowAndShrink (0 ms)
[ RUN      ] BufferTest.ViewReturnsCorrectView
[       OK ] BufferTest.ViewReturnsCorrectView (0 ms)
[ RUN      ] BufferTest.ConstView
[       OK ] BufferTest.ConstView (0 ms)
[----------] 7 tests from BufferTest (1 ms total)

[----------] 4 tests from BufferViewTest
[ RUN      ] BufferViewTest.DataCountStridePitch
[       OK ] BufferViewTest.DataCountStridePitch (0 ms)
[ RUN      ] BufferViewTest.DefaultConstructEmpty
[       OK ] BufferViewTest.DefaultConstructEmpty (0 ms)
[ RUN      ] BufferViewTest.SubviewNormal
[       OK ] BufferViewTest.SubviewNormal (0 ms)
[ RUN      ] BufferViewTest.SubviewOutOfBoundsThrows
[       OK ] BufferViewTest.SubviewOutOfBoundsThrows (0 ms)
[----------] 4 tests from BufferViewTest (0 ms total)

[----------] Global test environment tear-down
[==========] 11 tests from 2 test suites ran. (2 ms total)
[  PASSED  ] 11 tests.
EXIT: 0
=== RUN acr_test_topology (ASan build) ===
Running main() from F:\Astro dev\Astro CS Normalization Database\run\acr_build_asan\_deps\googletest-src\googletest\src\gtest_main.cc
[==========] Running 18 tests from 8 test suites.
[----------] Global test environment set-up.
[----------] 3 tests from HwlocTopology
[ RUN      ] HwlocTopology.JsonNonEmpty
[       OK ] HwlocTopology.JsonNonEmpty (0 ms)
[ RUN      ] HwlocTopology.AvailableOrUnavailable
[       OK ] HwlocTopology.AvailableOrUnavailable (0 ms)
[ RUN      ] HwlocTopology.NoThrowWhenUnavailable
[       OK ] HwlocTopology.NoThrowWhenUnavailable (0 ms)
[----------] 3 tests from HwlocTopology (0 ms total)

[----------] 1 test from DetectTopology
[ RUN      ] DetectTopology.ReturnsValidJson
[       OK ] DetectTopology.ReturnsValidJson (0 ms)
[----------] 1 test from DetectTopology (0 ms total)

[----------] 5 tests from CpuIsaCaps
[ RUN      ] CpuIsaCaps.Sse2AlwaysOnX86_64
F:\Astro dev\Astro CS Normalization Database\run\worktrees\acr\lib\acr\tests\unit\test_topology.cpp(71): error: Value of: caps.has(IsaLevel::SSE2)
  Actual: false
Expected: true

F:\Astro dev\Astro CS Normalization Database\run\worktrees\acr\lib\acr\tests\unit\test_topology.cpp(72): error: Value of: caps.has_isa(IsaLevel::SSE2)
  Actual: false
Expected: true

[  FAILED  ] CpuIsaCaps.Sse2AlwaysOnX86_64 (1 ms)
[ RUN      ] CpuIsaCaps.MaskNonZeroOnX86_64
F:\Astro dev\Astro CS Normalization Database\run\worktrees\acr\lib\acr\tests\unit\test_topology.cpp(82): error: Expected: (caps.mask()) != (0u), actual: 0 vs 0

[  FAILED  ] CpuIsaCaps.MaskNonZeroOnX86_64 (0 ms)
[ RUN      ] CpuIsaCaps.Avx512GateWhenUnsupported
[       OK ] CpuIsaCaps.Avx512GateWhenUnsupported (0 ms)
[ RUN      ] CpuIsaCaps.Avx512SubsetIndependent
[       OK ] CpuIsaCaps.Avx512SubsetIndependent (0 ms)
[ RUN      ] CpuIsaCaps.ToJsonContainsAllIsaFields
[       OK ] CpuIsaCaps.ToJsonContainsAllIsaFields (0 ms)
[----------] 5 tests from CpuIsaCaps (3 ms total)

[----------] 1 test from DetectIsaCaps
[ RUN      ] DetectIsaCaps.ReturnsValidJson
[       OK ] DetectIsaCaps.ReturnsValidJson (0 ms)
[----------] 1 test from DetectIsaCaps (0 ms total)

[----------] 1 test from AxpyScalar
[ RUN      ] AxpyScalar.BaselineCorrect
[       OK ] AxpyScalar.BaselineCorrect (0 ms)
[----------] 1 test from AxpyScalar (0 ms total)

[----------] 2 tests from DispatchAxpy
[ RUN      ] DispatchAxpy.MatchesScalar
[       OK ] DispatchAxpy.MatchesScalar (0 ms)
[ RUN      ] DispatchAxpy.EmptyRangeNoCrash
[       OK ] DispatchAxpy.EmptyRangeNoCrash (0 ms)
[----------] 2 tests from DispatchAxpy (0 ms total)

[----------] 1 test from Avx512Safe
[ RUN      ] Avx512Safe.GateWhenUnsupported
[       OK ] Avx512Safe.GateWhenUnsupported (0 ms)
[----------] 1 test from Avx512Safe (0 ms total)

[----------] 4 tests from HardwareReport
[ RUN      ] HardwareReport.NonEmptyAndSchema
[       OK ] HardwareReport.NonEmptyAndSchema (0 ms)
[ RUN      ] HardwareReport.GpuNullWhenUnregistered
[       OK ] HardwareReport.GpuNullWhenUnregistered (0 ms)
[ RUN      ] HardwareReport.GpuCallbackRegistered
[       OK ] HardwareReport.GpuCallbackRegistered (0 ms)
[ RUN      ] HardwareReport.FirstCallbackWins
[       OK ] HardwareReport.FirstCallbackWins (0 ms)
[----------] 4 tests from HardwareReport (1 ms total)

[----------] Global test environment tear-down
[==========] 18 tests from 8 test suites ran. (7 ms total)
[  PASSED  ] 16 tests.
[  FAILED  ] 2 tests, listed below:
[  FAILED  ] CpuIsaCaps.Sse2AlwaysOnX86_64
[  FAILED  ] CpuIsaCaps.MaskNonZeroOnX86_64

 2 FAILED TESTS
EXIT: 1
=== RUN acr_test_qualification (ASan build) ===
[==========] Running 12 tests from 6 test suites.
[----------] Global test environment set-up.
[----------] 3 tests from QualProfileKind
[ RUN      ] QualProfileKind.StrRoundTrip
[       OK ] QualProfileKind.StrRoundTrip (0 ms)
[ RUN      ] QualProfileKind.ParseValid
[       OK ] QualProfileKind.ParseValid (0 ms)
[ RUN      ] QualProfileKind.ParseInvalid
[       OK ] QualProfileKind.ParseInvalid (0 ms)
[----------] 3 tests from QualProfileKind (0 ms total)

[----------] 1 test from QualSeed
[ RUN      ] QualSeed.FixedSeedValue
[       OK ] QualSeed.FixedSeedValue (0 ms)
[----------] 1 test from QualSeed (0 ms total)

[----------] 3 tests from QualConfig
[ RUN      ] QualConfig.QuickProfileConfig
[       OK ] QualConfig.QuickProfileConfig (0 ms)
[ RUN      ] QualConfig.StandardProfileConfig
[       OK ] QualConfig.StandardProfileConfig (0 ms)
[ RUN      ] QualConfig.FullProfileConfig
[       OK ] QualConfig.FullProfileConfig (0 ms)
[----------] 3 tests from QualConfig (0 ms total)

[----------] 1 test from QualDriver
[ RUN      ] QualDriver.QuickProfileProducesResults
请确保系统空载以获得准确结果（关闭其他高负载进程，未启用自动检测）
[       OK ] QualDriver.QuickProfileProducesResults (706202 ms)
[----------] 1 test from QualDriver (706202 ms total)

[----------] 3 tests from QualSha256
[ RUN      ] QualSha256.Deterministic
[       OK ] QualSha256.Deterministic (1 ms)
[ RUN      ] QualSha256.DifferentInputDifferentHash
[       OK ] QualSha256.DifferentInputDifferentHash (0 ms)
[ RUN      ] QualSha256.KnownVector
[       OK ] QualSha256.KnownVector (0 ms)
[----------] 3 tests from QualSha256 (3 ms total)

[----------] 1 test from QualFingerprint
[ RUN      ] QualFingerprint.SerializesToJson
[       OK ] QualFingerprint.SerializesToJson (1 ms)
[----------] 1 test from QualFingerprint (1 ms total)

[----------] Global test environment tear-down
[==========] 12 tests from 6 test suites ran. (706209 ms total)
[  PASSED  ] 12 tests.
EXIT: 0
=== RUN acr_test_utilization (ASan build) ===
[==========] Running 54 tests from 8 test suites.
[----------] Global test environment set-up.
[----------] 5 tests from UtilSystemMetrics
[ RUN      ] UtilSystemMetrics.CpuUtilizationReadsRealValue
[UtilSystemMetrics.CpuUtilizationReadsRealValue] actual=1.000
[       OK ] UtilSystemMetrics.CpuUtilizationReadsRealValue (218 ms)
[ RUN      ] UtilSystemMetrics.CpuUtilizationRepeatedSamplesConsistent
[UtilSystemMetrics.CpuUtilizationRepeatedSamplesConsistent] s1=1.000 s2=1.000
[       OK ] UtilSystemMetrics.CpuUtilizationRepeatedSamplesConsistent (1419 ms)
[ RUN      ] UtilSystemMetrics.RamReadsRealValue
[UtilSystemMetrics.RamReadsRealValue] total=65446 MB avail=37866 MB
[       OK ] UtilSystemMetrics.RamReadsRealValue (0 ms)
[ RUN      ] UtilSystemMetrics.GpuUtilizationReadsOrEstimates
[acr.utilization] NVML loaded: 1 GPU device(s).
[UtilSystemMetrics.GpuUtilizationReadsOrEstimates] NVML available, actual=0.000 estimated=0
[       OK ] UtilSystemMetrics.GpuUtilizationReadsOrEstimates (143 ms)
[ RUN      ] UtilSystemMetrics.GpuMemoryReadsOrEstimates
[acr.utilization] NVML loaded: 1 GPU device(s).
[       OK ] UtilSystemMetrics.GpuMemoryReadsOrEstimates (19 ms)
[----------] 5 tests from UtilSystemMetrics (1801 ms total)

[----------] 11 tests from UtilCpu
[ RUN      ] UtilCpu.DefaultTargetIs95Percent
[       OK ] UtilCpu.DefaultTargetIs95Percent (2 ms)
[ RUN      ] UtilCpu.SetTargetClamped
[       OK ] UtilCpu.SetTargetClamped (0 ms)
[ RUN      ] UtilCpu.SampleAndDecideReadsRealUtilization
[UtilCpu.SampleAndDecideReadsRealUtilization] actual=1.000 error=0.050 batch=4 yield=0
[       OK ] UtilCpu.SampleAndDecideReadsRealUtilization (271 ms)
[ RUN      ] UtilCpu.ControlWindowInRange100to500
[       OK ] UtilCpu.ControlWindowInRange100to500 (9 ms)
[ RUN      ] UtilCpu.TargetPoints50_80_95_100
[UtilCpu.TargetPoints] target=0.50 actual=0.60 batch=1 yield=1 priority=0
[UtilCpu.TargetPoints] target=0.80 actual=0.90 batch=1 yield=1 priority=0
[UtilCpu.TargetPoints] target=0.95 actual=1.05 batch=1 yield=1 priority=0
[UtilCpu.TargetPoints] target=1.00 actual=1.10 batch=1 yield=1 priority=0
[       OK ] UtilCpu.TargetPoints50_80_95_100 (0 ms)
[ RUN      ] UtilCpu.BatchSizeStrategyAdjustsOnHighUtilization
[       OK ] UtilCpu.BatchSizeStrategyAdjustsOnHighUtilization (0 ms)
[ RUN      ] UtilCpu.YieldStrategySetsShouldYield
[       OK ] UtilCpu.YieldStrategySetsShouldYield (0 ms)
[ RUN      ] UtilCpu.FeedbackLoopAdjustsPace
[UtilCpu.FeedbackLoopAdjustsPace] actual=1.000 batch=4 yield=0 stride=0
[       OK ] UtilCpu.FeedbackLoopAdjustsPace (694 ms)
[ RUN      ] UtilCpu.WorkerParticipationRecorded
[       OK ] UtilCpu.WorkerParticipationRecorded (0 ms)
[ RUN      ] UtilCpu.CancelAndResponse
[       OK ] UtilCpu.CancelAndResponse (0 ms)
[ RUN      ] UtilCpu.StatusJsonContainsFields
[       OK ] UtilCpu.StatusJsonContainsFields (41 ms)
[----------] 11 tests from UtilCpu (1022 ms total)

[----------] 10 tests from UtilGpu
[ RUN      ] UtilGpu.RegisterBackendAdds
[       OK ] UtilGpu.RegisterBackendAdds (1 ms)
[ RUN      ] UtilGpu.RegisterBackendIdempotent
[       OK ] UtilGpu.RegisterBackendIdempotent (0 ms)
[ RUN      ] UtilGpu.DecideThrottleOnSevereExceed
[       OK ] UtilGpu.DecideThrottleOnSevereExceed (0 ms)
[ RUN      ] UtilGpu.DecideLowUtilizationNoThrottle
[       OK ] UtilGpu.DecideLowUtilizationNoThrottle (0 ms)
[ RUN      ] UtilGpu.SampleAndDecideReadsRealOrEstimates
[acr.utilization] NVML loaded: 1 GPU device(s).
[UtilGpu.SampleAndDecideReadsRealOrEstimates] nvml=1 actual=0.010 estimated=0
[       OK ] UtilGpu.SampleAndDecideReadsRealOrEstimates (16 ms)
[ RUN      ] UtilGpu.MultiGpuIndependentControl
[acr.utilization] NVML loaded: 1 GPU device(s).
[       OK ] UtilGpu.MultiGpuIndependentControl (12 ms)
[ RUN      ] UtilGpu.NoUnboundedQueue
[       OK ] UtilGpu.NoUnboundedQueue (0 ms)
[ RUN      ] UtilGpu.TargetPoints50_80_95_100
[       OK ] UtilGpu.TargetPoints50_80_95_100 (1 ms)
[ RUN      ] UtilGpu.CancelAndResponse
[       OK ] UtilGpu.CancelAndResponse (0 ms)
[ RUN      ] UtilGpu.StatusJsonContainsFields
[acr.utilization] NVML loaded: 1 GPU device(s).
[       OK ] UtilGpu.StatusJsonContainsFields (12 ms)
[----------] 10 tests from UtilGpu (47 ms total)

[----------] 7 tests from UtilMemory
[ RUN      ] UtilMemory.ComputeLimitMinRatioAndReserve
[       OK ] UtilMemory.ComputeLimitMinRatioAndReserve (0 ms)
[ RUN      ] UtilMemory.DefaultFixedReserveIs512MB
[       OK ] UtilMemory.DefaultFixedReserveIs512MB (0 ms)
[ RUN      ] UtilMemory.DefaultRatioIs95Percent
[       OK ] UtilMemory.DefaultRatioIs95Percent (0 ms)
[ RUN      ] UtilMemory.SampleReadsRealRam
[acr.utilization] NVML loaded: 1 GPU device(s).
[UtilMemory.SampleReadsRealRam] total=65446 MB used=27593 MB limit=62174 MB exceeded=0
[       OK ] UtilMemory.SampleReadsRealRam (11 ms)
[ RUN      ] UtilMemory.ReportWithInjectsValues
[acr.utilization] NVML loaded: 1 GPU device(s).
[       OK ] UtilMemory.ReportWithInjectsValues (16 ms)
[ RUN      ] UtilMemory.ExceedActionSuggestion
[       OK ] UtilMemory.ExceedActionSuggestion (0 ms)
[ RUN      ] UtilMemory.StatusJsonContainsFields
[acr.utilization] NVML loaded: 1 GPU device(s).
[       OK ] UtilMemory.StatusJsonContainsFields (25 ms)
[----------] 7 tests from UtilMemory (55 ms total)

[----------] 5 tests from UtilIo
[ RUN      ] UtilIo.ZeroBudgetNoLimit
[       OK ] UtilIo.ZeroBudgetNoLimit (0 ms)
[ RUN      ] UtilIo.ExceedBudgetDetected
[       OK ] UtilIo.ExceedBudgetDetected (0 ms)
[ RUN      ] UtilIo.WarnAtThreshold
[       OK ] UtilIo.WarnAtThreshold (0 ms)
[ RUN      ] UtilIo.RecordIoAndSample
[       OK ] UtilIo.RecordIoAndSample (2 ms)
[ RUN      ] UtilIo.StatusJsonContainsFields
[       OK ] UtilIo.StatusJsonContainsFields (0 ms)
[----------] 5 tests from UtilIo (3 ms total)

[----------] 6 tests from UtilConfig
[ RUN      ] UtilConfig.InitSetsAllValues
[       OK ] UtilConfig.InitSetsAllValues (0 ms)
[ RUN      ] UtilConfig.UpdateHotChangesMutableOnly
[       OK ] UtilConfig.UpdateHotChangesMutableOnly (0 ms)
[ RUN      ] UtilConfig.SingleFieldSettersWork
[       OK ] UtilConfig.SingleFieldSettersWork (0 ms)
[ RUN      ] UtilConfig.ReadBeforeInitReturnsDefaults
[       OK ] UtilConfig.ReadBeforeInitReturnsDefaults (0 ms)
[ RUN      ] UtilConfig.BackendEnableDisable
[       OK ] UtilConfig.BackendEnableDisable (0 ms)
[ RUN      ] UtilConfig.NoCpuGpuShareField
[       OK ] UtilConfig.NoCpuGpuShareField (32 ms)
[----------] 6 tests from UtilConfig (34 ms total)

[----------] 9 tests from UtilTracker
[ RUN      ] UtilTracker.RecordAndCount
[       OK ] UtilTracker.RecordAndCount (0 ms)
[ RUN      ] UtilTracker.RecentReturnsLastN
[       OK ] UtilTracker.RecentReturnsLastN (0 ms)
[ RUN      ] UtilTracker.CapacityEvictsOldest
[       OK ] UtilTracker.CapacityEvictsOldest (0 ms)
[ RUN      ] UtilTracker.StatisticsComputeCorrect
[       OK ] UtilTracker.StatisticsComputeCorrect (0 ms)
[ RUN      ] UtilTracker.P95StatsCompute
[UtilTracker.P95StatsCompute] p95_actual=0.9405 avg_actual=0.4950
[       OK ] UtilTracker.P95StatsCompute (3 ms)
[ RUN      ] UtilTracker.WorkerParticipationHistory
[       OK ] UtilTracker.WorkerParticipationHistory (17 ms)
[ RUN      ] UtilTracker.CancelledStateRecorded
[       OK ] UtilTracker.CancelledStateRecorded (0 ms)
[ RUN      ] UtilTracker.EmptyStatsSafe
[       OK ] UtilTracker.EmptyStatsSafe (0 ms)
[ RUN      ] UtilTracker.StatusJsonContainsFields
[       OK ] UtilTracker.StatusJsonContainsFields (1 ms)
[----------] 9 tests from UtilTracker (26 ms total)

[----------] 1 test from UtilIntegration
[ RUN      ] UtilIntegration.FeedbackLoopWithTracker
[acr.utilization] NVML loaded: 1 GPU device(s).
[UtilIntegration.FeedbackLoopWithTracker] samples=10 avg_actual=0.506 p95_actual=1.000
[       OK ] UtilIntegration.FeedbackLoopWithTracker (1731 ms)
[----------] 1 test from UtilIntegration (1731 ms total)

[----------] Global test environment tear-down
[==========] 54 tests from 8 test suites ran. (4727 ms total)
[  PASSED  ] 54 tests.
EXIT: 0
=== RUN acr_test_task_descriptor (ASan build) ===
Running main() from F:\Astro dev\Astro CS Normalization Database\run\acr_build_asan\_deps\googletest-src\googletest\src\gtest_main.cc
[==========] Running 17 tests from 3 test suites.
[----------] Global test environment set-up.
[----------] 11 tests from TaskDescriptor
[ RUN      ] TaskDescriptor.MakeRangeDescriptorBasic
[       OK ] TaskDescriptor.MakeRangeDescriptorBasic (0 ms)
[ RUN      ] TaskDescriptor.MakeRangeDescriptorEmptyRange
[       OK ] TaskDescriptor.MakeRangeDescriptorEmptyRange (0 ms)
[ RUN      ] TaskDescriptor.MakeRangeDescriptorReversedRange
[       OK ] TaskDescriptor.MakeRangeDescriptorReversedRange (0 ms)
[ RUN      ] TaskDescriptor.MakeTilesDescriptorBasic
[       OK ] TaskDescriptor.MakeTilesDescriptorBasic (0 ms)
[ RUN      ] TaskDescriptor.MakeTilesDescriptorZeroExtent
[       OK ] TaskDescriptor.MakeTilesDescriptorZeroExtent (0 ms)
[ RUN      ] TaskDescriptor.MakeBatchDescriptorBasic
[       OK ] TaskDescriptor.MakeBatchDescriptorBasic (0 ms)
[ RUN      ] TaskDescriptor.MakeBatchDescriptorZeroItems
[       OK ] TaskDescriptor.MakeBatchDescriptorZeroItems (0 ms)
[ RUN      ] TaskDescriptor.MakeReduceDescriptorBasic
[       OK ] TaskDescriptor.MakeReduceDescriptorBasic (0 ms)
[ RUN      ] TaskDescriptor.WorkSizePriorityRangeFirst
[       OK ] TaskDescriptor.WorkSizePriorityRangeFirst (0 ms)
[ RUN      ] TaskDescriptor.WorkSizeExtentSecond
[       OK ] TaskDescriptor.WorkSizeExtentSecond (0 ms)
[ RUN      ] TaskDescriptor.WorkSizeItemCountLast
[       OK ] TaskDescriptor.WorkSizeItemCountLast (0 ms)
[----------] 11 tests from TaskDescriptor (3 ms total)

[----------] 3 tests from PrecisionUtils
[ RUN      ] PrecisionUtils.PrecisionStr
[       OK ] PrecisionUtils.PrecisionStr (0 ms)
[ RUN      ] PrecisionUtils.NumericPolicyToPrecisionFp32
[       OK ] PrecisionUtils.NumericPolicyToPrecisionFp32 (0 ms)
[ RUN      ] PrecisionUtils.NumericPolicyToPrecisionFp64
[       OK ] PrecisionUtils.NumericPolicyToPrecisionFp64 (0 ms)
[----------] 3 tests from PrecisionUtils (0 ms total)

[----------] 3 tests from TaskTraitsValidation
[ RUN      ] TaskTraitsValidation.DefaultTraitsValid
[       OK ] TaskTraitsValidation.DefaultTraitsValid (0 ms)
[ RUN      ] TaskTraitsValidation.ActiveFractionOutOfRange
[       OK ] TaskTraitsValidation.ActiveFractionOutOfRange (0 ms)
[ RUN      ] TaskTraitsValidation.ActiveFractionBoundary
[       OK ] TaskTraitsValidation.ActiveFractionBoundary (0 ms)
[----------] 3 tests from TaskTraitsValidation (0 ms total)

[----------] Global test environment tear-down
[==========] 17 tests from 3 test suites ran. (6 ms total)
[  PASSED  ] 17 tests.
EXIT: 0
=== RUN acr_test_hardware_profile (ASan build) ===
Running main() from F:\Astro dev\Astro CS Normalization Database\run\acr_build_asan\_deps\googletest-src\googletest\src\gtest_main.cc
[==========] Running 33 tests from 4 test suites.
[----------] Global test environment set-up.
[----------] 6 tests from CurveTest
[ RUN      ] CurveTest.EmptyCurveReturnsZero
[       OK ] CurveTest.EmptyCurveReturnsZero (0 ms)
[ RUN      ] CurveTest.SinglePointReturnsConstant
[       OK ] CurveTest.SinglePointReturnsConstant (0 ms)
[ RUN      ] CurveTest.TwoPointsLinearInterpolation
[       OK ] CurveTest.TwoPointsLinearInterpolation (0 ms)
[ RUN      ] CurveTest.ExtrapolateBeyondRange
[       OK ] CurveTest.ExtrapolateBeyondRange (0 ms)
[ RUN      ] CurveTest.PredictThroughput
[       OK ] CurveTest.PredictThroughput (0 ms)
[ RUN      ] CurveTest.PredictThroughputZeroSize
[       OK ] CurveTest.PredictThroughputZeroSize (0 ms)
[----------] 6 tests from CurveTest (1 ms total)

[----------] 12 tests from DeviceProfileTest
[ RUN      ] DeviceProfileTest.DefaultValuesCpu
[       OK ] DeviceProfileTest.DefaultValuesCpu (0 ms)
[ RUN      ] DeviceProfileTest.HasGpuWhenKindGpu
[       OK ] DeviceProfileTest.HasGpuWhenKindGpu (0 ms)
[ RUN      ] DeviceProfileTest.PredictArithmetic
[       OK ] DeviceProfileTest.PredictArithmetic (0 ms)
[ RUN      ] DeviceProfileTest.PredictArithmeticMissing
[       OK ] DeviceProfileTest.PredictArithmeticMissing (0 ms)
[ RUN      ] DeviceProfileTest.PredictMemory
[       OK ] DeviceProfileTest.PredictMemory (0 ms)
[ RUN      ] DeviceProfileTest.PredictTransfer
[       OK ] DeviceProfileTest.PredictTransfer (0 ms)
[ RUN      ] DeviceProfileTest.PredictReduction
[       OK ] DeviceProfileTest.PredictReduction (0 ms)
[ RUN      ] DeviceProfileTest.GetOverhead
[       OK ] DeviceProfileTest.GetOverhead (0 ms)
[ RUN      ] DeviceProfileTest.GetLibrary
[       OK ] DeviceProfileTest.GetLibrary (0 ms)
[ RUN      ] DeviceProfileTest.GetCurveConvolution
[       OK ] DeviceProfileTest.GetCurveConvolution (0 ms)
[ RUN      ] DeviceProfileTest.GetCurveOverheadReturnsNull
[       OK ] DeviceProfileTest.GetCurveOverheadReturnsNull (0 ms)
[ RUN      ] DeviceProfileTest.PredictCostUnknownFamily
[       OK ] DeviceProfileTest.PredictCostUnknownFamily (0 ms)
[----------] 12 tests from DeviceProfileTest (5 ms total)

[----------] 7 tests from HardwareProfileTest
[ RUN      ] HardwareProfileTest.DefaultStateMissing
[       OK ] HardwareProfileTest.DefaultStateMissing (0 ms)
[ RUN      ] HardwareProfileTest.FindDeviceById
[       OK ] HardwareProfileTest.FindDeviceById (1 ms)
[ RUN      ] HardwareProfileTest.FindDeviceConstById
[       OK ] HardwareProfileTest.FindDeviceConstById (0 ms)
[ RUN      ] HardwareProfileTest.HasGpu
[       OK ] HardwareProfileTest.HasGpu (1 ms)
[ RUN      ] HardwareProfileTest.CpuDevice
[       OK ] HardwareProfileTest.CpuDevice (1 ms)
[ RUN      ] HardwareProfileTest.GpuDeviceIds
[       OK ] HardwareProfileTest.GpuDeviceIds (1 ms)
[ RUN      ] HardwareProfileTest.CpuDeviceNullWhenNoCpu
[       OK ] HardwareProfileTest.CpuDeviceNullWhenNoCpu (0 ms)
[----------] 7 tests from HardwareProfileTest (7 ms total)

[----------] 8 tests from EnumStringTest
[ RUN      ] EnumStringTest.DeviceKindStr
[       OK ] EnumStringTest.DeviceKindStr (0 ms)
[ RUN      ] EnumStringTest.HwPrecisionStr
[       OK ] EnumStringTest.HwPrecisionStr (0 ms)
[ RUN      ] EnumStringTest.MemoryLevelStr
[       OK ] EnumStringTest.MemoryLevelStr (0 ms)
[ RUN      ] EnumStringTest.MemoryResidencyStr
[       OK ] EnumStringTest.MemoryResidencyStr (0 ms)
[ RUN      ] EnumStringTest.TransferDirectionStr
[       OK ] EnumStringTest.TransferDirectionStr (0 ms)
[ RUN      ] EnumStringTest.MemoryTypeStr
[       OK ] EnumStringTest.MemoryTypeStr (0 ms)
[ RUN      ] EnumStringTest.CapabilityFamilyStr
[       OK ] EnumStringTest.CapabilityFamilyStr (0 ms)
[ RUN      ] EnumStringTest.HwProfileStateStr
[       OK ] EnumStringTest.HwProfileStateStr (0 ms)
[----------] 8 tests from EnumStringTest (1 ms total)

[----------] Global test environment tear-down
[==========] 33 tests from 4 test suites ran. (17 ms total)
[  PASSED  ] 33 tests.
EXIT: 0
=== RUN acr_test_cost (ASan build) ===
Running main() from F:\Astro dev\Astro CS Normalization Database\run\acr_build_asan\_deps\googletest-src\googletest\src\gtest_main.cc
[==========] Running 21 tests from 3 test suites.
[----------] Global test environment set-up.
[----------] 14 tests from CostEstimator
[ RUN      ] CostEstimator.NoProfileReturnsFallbackCpu
[       OK ] CostEstimator.NoProfileReturnsFallbackCpu (0 ms)
[ RUN      ] CostEstimator.NoProfileComputeCostNonZero
[       OK ] CostEstimator.NoProfileComputeCostNonZero (0 ms)
[ RUN      ] CostEstimator.WithCpuProfileEstimatesPerDevice
[       OK ] CostEstimator.WithCpuProfileEstimatesPerDevice (32 ms)
[ RUN      ] CostEstimator.WithCpuGpuProfileSelectsFaster
[       OK ] CostEstimator.WithCpuGpuProfileSelectsFaster (2 ms)
[ RUN      ] CostEstimator.ReductionTaskHasMergeCost
[       OK ] CostEstimator.ReductionTaskHasMergeCost (1 ms)
[ RUN      ] CostEstimator.ElementwiseTaskNoMergeCost
[       OK ] CostEstimator.ElementwiseTaskNoMergeCost (0 ms)
[ RUN      ] CostEstimator.MinEffectiveChunkNoProfile
[       OK ] CostEstimator.MinEffectiveChunkNoProfile (0 ms)
[ RUN      ] CostEstimator.MinEffectiveChunkWithProfile
[       OK ] CostEstimator.MinEffectiveChunkWithProfile (0 ms)
[ RUN      ] CostEstimator.MinEffectiveChunkGpuAtLeast4096
[       OK ] CostEstimator.MinEffectiveChunkGpuAtLeast4096 (1 ms)
[ RUN      ] CostEstimator.MinEffectiveChunkUnknownDevice
[       OK ] CostEstimator.MinEffectiveChunkUnknownDevice (0 ms)
[ RUN      ] CostEstimator.RecommendedChunkNoProfile
[       OK ] CostEstimator.RecommendedChunkNoProfile (0 ms)
[ RUN      ] CostEstimator.RecommendedChunkWithProfile
[       OK ] CostEstimator.RecommendedChunkWithProfile (0 ms)
[ RUN      ] CostEstimator.MaxChunkByMemoryNoProfile
[       OK ] CostEstimator.MaxChunkByMemoryNoProfile (0 ms)
[ RUN      ] CostEstimator.MaxChunkByMemoryWithProfile
[       OK ] CostEstimator.MaxChunkByMemoryWithProfile (0 ms)
[----------] 14 tests from CostEstimator (43 ms total)

[----------] 4 tests from CurveLookupTest
[ RUN      ] CurveLookupTest.ElementwiseMapsToMemory
[       OK ] CurveLookupTest.ElementwiseMapsToMemory (0 ms)
[ RUN      ] CurveLookupTest.ReductionMapsToReduction
[       OK ] CurveLookupTest.ReductionMapsToReduction (0 ms)
[ RUN      ] CurveLookupTest.ConvolutionDirectMapsToConvolution
[       OK ] CurveLookupTest.ConvolutionDirectMapsToConvolution (0 ms)
[ RUN      ] CurveLookupTest.CustomMapsToArithmetic
[       OK ] CurveLookupTest.CustomMapsToArithmetic (0 ms)
[----------] 4 tests from CurveLookupTest (0 ms total)

[----------] 3 tests from DeviceIdBackendConversion
[ RUN      ] DeviceIdBackendConversion.CpuDeviceId
[       OK ] DeviceIdBackendConversion.CpuDeviceId (0 ms)
[ RUN      ] DeviceIdBackendConversion.GpuDeviceId
[       OK ] DeviceIdBackendConversion.GpuDeviceId (0 ms)
[ RUN      ] DeviceIdBackendConversion.InvalidBackend
[       OK ] DeviceIdBackendConversion.InvalidBackend (0 ms)
[----------] 3 tests from DeviceIdBackendConversion (0 ms total)

[----------] Global test environment tear-down
[==========] 21 tests from 3 test suites ran. (46 ms total)
[  PASSED  ] 21 tests.
EXIT: 0
=== RUN acr_test_cpu_profile (ASan build) ===
Running main() from F:\Astro dev\Astro CS Normalization Database\run\acr_build_asan\_deps\googletest-src\googletest\src\gtest_main.cc
[==========] Running 10 tests from 1 test suite.
[----------] Global test environment set-up.
[----------] 10 tests from CpuProfileTest
[ RUN      ] CpuProfileTest.GenerateEmptyHasCpuDevice
[       OK ] CpuProfileTest.GenerateEmptyHasCpuDevice (30 ms)
[ RUN      ] CpuProfileTest.FingerprintNonEmpty
[       OK ] CpuProfileTest.FingerprintNonEmpty (2 ms)
[ RUN      ] CpuProfileTest.CopyResultMapsToMemoryCurve
[       OK ] CpuProfileTest.CopyResultMapsToMemoryCurve (3 ms)
[ RUN      ] CpuProfileTest.AxpyResultMapsToArithmeticCurve
[       OK ] CpuProfileTest.AxpyResultMapsToArithmeticCurve (3 ms)
[ RUN      ] CpuProfileTest.DotResultMapsToReductionCurve
[       OK ] CpuProfileTest.DotResultMapsToReductionCurve (2 ms)
[ RUN      ] CpuProfileTest.SerializeContainsRequiredFields
[       OK ] CpuProfileTest.SerializeContainsRequiredFields (3 ms)
[ RUN      ] CpuProfileTest.WriteAndReadbackFile
[       OK ] CpuProfileTest.WriteAndReadbackFile (6 ms)
[ RUN      ] CpuProfileTest.DeviceProfilePredictionApis
[       OK ] CpuProfileTest.DeviceProfilePredictionApis (2 ms)
[ RUN      ] CpuProfileTest.DefaultOverheadsPresent
[       OK ] CpuProfileTest.DefaultOverheadsPresent (2 ms)
[ RUN      ] CpuProfileTest.NoGpuInCpuOnlyProfile
[       OK ] CpuProfileTest.NoGpuInCpuOnlyProfile (2 ms)
[----------] 10 tests from CpuProfileTest (61 ms total)

[----------] Global test environment tear-down
[==========] 10 tests from 1 test suite ran. (62 ms total)
[  PASSED  ] 10 tests.
EXIT: 0
=== RUN acr_test_api_traits (ASan build) ===
Running main() from F:\Astro dev\Astro CS Normalization Database\run\acr_build_asan\_deps\googletest-src\googletest\src\gtest_main.cc
[==========] Running 14 tests from 7 test suites.
[----------] Global test environment set-up.
[----------] 4 tests from ApiTraitsParallelFor
[ RUN      ] ApiTraitsParallelFor.EmptyRangeNoCall
[       OK ] ApiTraitsParallelFor.EmptyRangeNoCall (0 ms)
[ RUN      ] ApiTraitsParallelFor.SingleElementCorrect
[ACR] 警告：硬件画像未标定（missing），使用 CPU fallback（请运行 acr-benchmark 生成 hardware-profile.json）
[       OK ] ApiTraitsParallelFor.SingleElementCorrect (16 ms)
[ RUN      ] ApiTraitsParallelFor.LargeRangeAllVisited
[       OK ] ApiTraitsParallelFor.LargeRangeAllVisited (6 ms)
[ RUN      ] ApiTraitsParallelFor.ResultsMatchOldApi
[       OK ] ApiTraitsParallelFor.ResultsMatchOldApi (2 ms)
[----------] 4 tests from ApiTraitsParallelFor (26 ms total)

[----------] 2 tests from ApiTraitsParallelTiles
[ RUN      ] ApiTraitsParallelTiles.FullCoverageNoOverflow
[       OK ] ApiTraitsParallelTiles.FullCoverageNoOverflow (0 ms)
[ RUN      ] ApiTraitsParallelTiles.ConvolutionTraitsSupported
[       OK ] ApiTraitsParallelTiles.ConvolutionTraitsSupported (0 ms)
[----------] 2 tests from ApiTraitsParallelTiles (1 ms total)

[----------] 3 tests from ApiTraitsParallelReduce
[ RUN      ] ApiTraitsParallelReduce.SumCorrect
[       OK ] ApiTraitsParallelReduce.SumCorrect (0 ms)
[ RUN      ] ApiTraitsParallelReduce.EmptyRangeReturnsIdentity
[       OK ] ApiTraitsParallelReduce.EmptyRangeReturnsIdentity (0 ms)
[ RUN      ] ApiTraitsParallelReduce.MaxCorrect
[       OK ] ApiTraitsParallelReduce.MaxCorrect (0 ms)
[----------] 3 tests from ApiTraitsParallelReduce (1 ms total)

[----------] 2 tests from ApiTraitsParallelBatch
[ RUN      ] ApiTraitsParallelBatch.AllItemsProcessed
[       OK ] ApiTraitsParallelBatch.AllItemsProcessed (0 ms)
[ RUN      ] ApiTraitsParallelBatch.ZeroItemsNoCall
[       OK ] ApiTraitsParallelBatch.ZeroItemsNoCall (0 ms)
[----------] 2 tests from ApiTraitsParallelBatch (0 ms total)

[----------] 1 test from ApiTraitsCpuFallback
[ RUN      ] ApiTraitsCpuFallback.NoProfileStillCorrect
[       OK ] ApiTraitsCpuFallback.NoProfileStillCorrect (1 ms)
[----------] 1 test from ApiTraitsCpuFallback (1 ms total)

[----------] 1 test from ApiTraitsCallChain
[ RUN      ] ApiTraitsCallChain.RuntimeStatusReflectsActivity
[       OK ] ApiTraitsCallChain.RuntimeStatusReflectsActivity (1 ms)
[----------] 1 test from ApiTraitsCallChain (1 ms total)

[----------] 1 test from ApiTraitsTaskClass
[ RUN      ] ApiTraitsTaskClass.AllTaskClassesCallable
[       OK ] ApiTraitsTaskClass.AllTaskClassesCallable (2 ms)
[----------] 1 test from ApiTraitsTaskClass (2 ms total)

[----------] Global test environment tear-down
[==========] 14 tests from 7 test suites ran. (39 ms total)
[  PASSED  ] 14 tests.
EXIT: 0
